2025-09-24 22:00:50,728 - INFO - Successfully loaded:
2025-09-24 22:00:50,728 - INFO -   Training samples: 450,000
2025-09-24 22:00:50,728 - INFO -   Evaluation samples: 35,000
2025-10-01 16:26:36,879 - INFO - Starting experiment: baseline_naive_20251001_162636
2025-10-01 16:26:36,879 - INFO - Model: naive
2025-10-01 16:26:36,879 - INFO - Configuration: config/config.yaml
2025-10-01 16:26:36,879 - INFO - Loading data...
2025-10-01 16:26:45,209 - INFO - Successfully loaded:
2025-10-01 16:26:45,209 - INFO -   Training samples: 450,000
2025-10-01 16:26:45,209 - INFO -   Evaluation samples: 35,000
2025-10-01 16:26:46,140 - INFO - Data Summary:
2025-10-01 16:26:46,140 - INFO -   dataset_shape: {'train': (450000, 19)}
2025-10-01 16:26:46,140 - INFO -   time_span: {'start': '2024-03-28 00:00:00', 'end': '2024-06-25 00:00:00', 'duration_days': 89}
2025-10-01 16:26:46,140 - INFO -   business_dimensions: {'unique_stores': 898, 'unique_products': 865, 'unique_cities': 18, 'total_store_product_combinations': 49997}
2025-10-01 16:26:46,140 - INFO -   target_statistics: {'mean_sales': np.float64(0.9941817888888888), 'median_sales': np.float64(0.7), 'zero_sales_percentage': np.float64(4.454666666666666), 'max_sales': np.float64(40.4)}
2025-10-01 16:26:46,140 - INFO -   stockout_analysis: {'total_observations': 450000, 'stockout_hours': np.int64(0), 'stockout_rate_percent': np.float64(0.0), 'stores_with_stockouts': 0}
2025-10-01 16:26:46,140 - INFO -   data_quality: {'missing_values': {'city_id': 0, 'store_id': 0, 'management_group_id': 0, 'first_category_id': 0, 'second_category_id': 0, 'third_category_id': 0, 'product_id': 0, 'dt': 0, 'sale_amount': 0, 'hours_sale': 0, 'stock_hour6_22_cnt': 0, 'hours_stock_status': 0, 'discount': 0, 'holiday_flag': 0, 'activity_flag': 0, 'precpt': 0, 'avg_temperature': 0, 'avg_humidity': 0, 'avg_wind_level': 0}, 'duplicate_rows': np.int64(0)}
2025-10-01 16:26:46,140 - INFO - Starting feature engineering...
2025-10-01 16:26:46,140 - INFO - Starting comprehensive feature engineering pipeline...
2025-10-01 16:26:46,160 - INFO - Creating temporal features...
2025-10-01 16:26:46,279 - INFO - Created 19 temporal features
2025-10-01 16:26:46,357 - INFO - Creating categorical and interaction features...
2025-10-01 16:26:46,680 - INFO - Creating lag features for periods: [1, 2, 3, 7, 14, 21]
2025-10-01 16:26:46,983 - INFO - Creating rolling features for windows: [6, 24, 168]
2025-10-01 16:26:56,184 - INFO - Creating interaction features...
2025-10-01 16:26:56,204 - INFO - Feature engineering complete: 19 → 73 features (+54)
2025-10-01 16:26:56,204 - INFO - Starting comprehensive feature engineering pipeline...
2025-10-01 16:26:56,210 - INFO - Creating temporal features...
2025-10-01 16:26:56,222 - INFO - Created 19 temporal features
2025-10-01 16:26:56,225 - INFO - Creating categorical and interaction features...
2025-10-01 16:26:56,246 - INFO - Creating lag features for periods: [1, 2, 3, 7, 14, 21]
2025-10-01 16:26:56,270 - INFO - Creating rolling features for windows: [6, 24, 168]
2025-10-01 16:27:00,638 - INFO - Creating interaction features...
2025-10-01 16:27:00,640 - INFO - Feature engineering complete: 19 → 73 features (+54)
2025-10-01 16:27:00,641 - INFO - Feature engineering complete. Features: 73
2025-10-01 16:27:00,648 - INFO - Using 68 features for training
2025-10-01 16:27:00,648 - INFO - Feature sample: ['management_group_id', 'first_category_id', 'second_category_id', 'third_category_id', 'hours_sale', 'stock_hour6_22_cnt', 'hours_stock_status', 'discount', 'holiday_flag', 'activity_flag']...
2025-10-01 16:27:00,700 - INFO - Training data shape: (450000, 68)
2025-10-01 16:27:00,700 - INFO - Evaluation data shape: (35000, 68)
2025-10-01 16:27:00,700 - INFO - Training Naive_seasonal...
2025-10-01 16:27:00,994 - WARNING - Features with >50% missing values: ['sale_amount_lag_7', 'stockout_lag_7', 'sale_amount_lag_14', 'sale_amount_lag_21']
2025-10-01 16:27:00,995 - ERROR - Training failed: Naive forecaster requires 'store_id' and 'product_id' columns
2025-10-01 16:27:00,995 - ERROR - Experiment failed: Naive forecaster requires 'store_id' and 'product_id' columns
2025-10-01 16:36:56,302 - INFO - Starting experiment: baseline_naive_20251001_163656
2025-10-01 16:36:56,302 - INFO - Model: naive
2025-10-01 16:36:56,302 - INFO - Configuration: config/config.yaml
2025-10-01 16:36:56,302 - INFO - Loading data...
2025-10-01 16:37:04,252 - INFO - Successfully loaded:
2025-10-01 16:37:04,252 - INFO -   Training samples: 450,000
2025-10-01 16:37:04,252 - INFO -   Evaluation samples: 35,000
2025-10-01 16:37:05,167 - INFO - Data Summary:
2025-10-01 16:37:05,167 - INFO -   dataset_shape: {'train': (450000, 19)}
2025-10-01 16:37:05,167 - INFO -   time_span: {'start': '2024-03-28 00:00:00', 'end': '2024-06-25 00:00:00', 'duration_days': 89}
2025-10-01 16:37:05,167 - INFO -   business_dimensions: {'unique_stores': 898, 'unique_products': 865, 'unique_cities': 18, 'total_store_product_combinations': 49997}
2025-10-01 16:37:05,167 - INFO -   target_statistics: {'mean_sales': np.float64(0.9941817888888888), 'median_sales': np.float64(0.7), 'zero_sales_percentage': np.float64(4.454666666666666), 'max_sales': np.float64(40.4)}
2025-10-01 16:37:05,167 - INFO -   stockout_analysis: {'total_observations': 450000, 'stockout_hours': np.int64(0), 'stockout_rate_percent': np.float64(0.0), 'stores_with_stockouts': 0}
2025-10-01 16:37:05,167 - INFO -   data_quality: {'missing_values': {'city_id': 0, 'store_id': 0, 'management_group_id': 0, 'first_category_id': 0, 'second_category_id': 0, 'third_category_id': 0, 'product_id': 0, 'dt': 0, 'sale_amount': 0, 'hours_sale': 0, 'stock_hour6_22_cnt': 0, 'hours_stock_status': 0, 'discount': 0, 'holiday_flag': 0, 'activity_flag': 0, 'precpt': 0, 'avg_temperature': 0, 'avg_humidity': 0, 'avg_wind_level': 0}, 'duplicate_rows': np.int64(0)}
2025-10-01 16:37:05,167 - INFO - Starting feature engineering...
2025-10-01 16:37:05,167 - INFO - Starting comprehensive feature engineering pipeline...
2025-10-01 16:37:05,190 - INFO - Creating temporal features...
2025-10-01 16:37:05,297 - INFO - Created 19 temporal features
2025-10-01 16:37:05,346 - INFO - Creating categorical and interaction features...
2025-10-01 16:37:05,669 - INFO - Creating lag features for periods: [1, 2, 3, 7, 14, 21]
2025-10-01 16:37:06,051 - INFO - Creating rolling features for windows: [6, 24, 168]
2025-10-01 16:37:15,325 - INFO - Creating interaction features...
2025-10-01 16:37:15,344 - INFO - Feature engineering complete: 19 → 73 features (+54)
2025-10-01 16:37:15,344 - INFO - Starting comprehensive feature engineering pipeline...
2025-10-01 16:37:15,349 - INFO - Creating temporal features...
2025-10-01 16:37:15,362 - INFO - Created 19 temporal features
2025-10-01 16:37:15,365 - INFO - Creating categorical and interaction features...
2025-10-01 16:37:15,385 - INFO - Creating lag features for periods: [1, 2, 3, 7, 14, 21]
2025-10-01 16:37:15,409 - INFO - Creating rolling features for windows: [6, 24, 168]
2025-10-01 16:37:19,715 - INFO - Creating interaction features...
2025-10-01 16:37:19,717 - INFO - Feature engineering complete: 19 → 73 features (+54)
2025-10-01 16:37:19,718 - INFO - Feature engineering complete. Features: 73
2025-10-01 16:37:19,725 - INFO - Using 68 features for training
2025-10-01 16:37:19,725 - INFO - Feature sample: ['management_group_id', 'first_category_id', 'second_category_id', 'third_category_id', 'hours_sale', 'stock_hour6_22_cnt', 'hours_stock_status', 'discount', 'holiday_flag', 'activity_flag']...
2025-10-01 16:37:19,775 - INFO - Training data shape: (450000, 72)
2025-10-01 16:37:19,775 - INFO - Evaluation data shape: (35000, 72)
2025-10-01 16:37:19,775 - INFO - Training Naive_seasonal...
2025-10-01 16:37:20,211 - WARNING - Features with >50% missing values: ['sale_amount_lag_7', 'stockout_lag_7', 'sale_amount_lag_14', 'sale_amount_lag_21']
2025-10-01 16:37:20,343 - INFO - Fitting Naive_seasonal model...
2025-10-01 16:37:30,143 - INFO - Fitted naive model for 49997 store-product combinations
2025-10-01 16:37:30,150 - INFO - Training completed in 10.38 seconds
2025-10-01 16:37:30,151 - INFO - Generating predictions...
2025-10-01 16:37:45,438 - INFO - Evaluating model performance...
2025-10-01 16:37:45,443 - INFO - Training Metrics:
2025-10-01 16:37:45,443 - INFO -   MAE: 0.3887
2025-10-01 16:37:45,443 - INFO -   RMSE: 0.7557
2025-10-01 16:37:45,443 - INFO -   MAPE: 313360197.1695
2025-10-01 16:37:45,443 - INFO -   sMAPE: 46.5061
2025-10-01 16:37:45,443 - INFO -   Bias: -0.0000
2025-10-01 16:37:45,443 - INFO -   Bias_Percentage: -0.0000
2025-10-01 16:37:45,445 - INFO - Evaluation Metrics:
2025-10-01 16:37:45,445 - INFO -   MAE: 0.5724
2025-10-01 16:37:45,445 - INFO -   RMSE: 1.1789
2025-10-01 16:37:45,445 - INFO -   MAPE: 363828343.2957
2025-10-01 16:37:45,445 - INFO -   sMAPE: 54.4698
2025-10-01 16:37:45,445 - INFO -   Bias: -0.2007
2025-10-01 16:37:45,445 - INFO -   Bias_Percentage: -16.7176
2025-10-01 16:37:45,445 - INFO -   MASE: nan
2025-10-01 16:37:45,445 - INFO - Feature importance not available for Naive_seasonal
2025-10-01 16:37:48,035 - INFO - Model Naive_seasonal saved to models/trained/baseline_naive_20251001_163656_20251001_163745.joblib
2025-10-01 16:37:48,037 - INFO - Model saved to: models/trained/baseline_naive_20251001_163656_20251001_163745.joblib
2025-10-01 16:37:48,037 - INFO - Results saved to: models/trained/baseline_naive_20251001_163656_20251001_163745_results.yaml
2025-10-01 16:37:48,037 - INFO - Experiment completed successfully!
2025-10-01 16:37:48,037 - INFO - Key Results:
2025-10-01 16:37:48,037 - INFO -   Evaluation MAE: 0.5724
2025-10-01 16:37:48,037 - INFO -   Evaluation RMSE: 1.1789
2025-10-01 16:37:48,037 - INFO -   Evaluation MAPE: 363828343.30%
2025-10-01 16:37:48,037 - INFO -   Model Bias: -0.2007
2025-10-01 16:45:06,921 - INFO - Starting experiment: baseline_lasso_20251001_164506
2025-10-01 16:45:06,921 - INFO - Model: lasso
2025-10-01 16:45:06,921 - INFO - Configuration: config/config.yaml
2025-10-01 16:45:06,921 - INFO - Loading data...
2025-10-01 16:45:14,632 - INFO - Successfully loaded:
2025-10-01 16:45:14,632 - INFO -   Training samples: 450,000
2025-10-01 16:45:14,632 - INFO -   Evaluation samples: 35,000
2025-10-01 16:45:15,544 - INFO - Data Summary:
2025-10-01 16:45:15,544 - INFO -   dataset_shape: {'train': (450000, 19)}
2025-10-01 16:45:15,544 - INFO -   time_span: {'start': '2024-03-28 00:00:00', 'end': '2024-06-25 00:00:00', 'duration_days': 89}
2025-10-01 16:45:15,544 - INFO -   business_dimensions: {'unique_stores': 898, 'unique_products': 865, 'unique_cities': 18, 'total_store_product_combinations': 49997}
2025-10-01 16:45:15,544 - INFO -   target_statistics: {'mean_sales': np.float64(0.9941817888888888), 'median_sales': np.float64(0.7), 'zero_sales_percentage': np.float64(4.454666666666666), 'max_sales': np.float64(40.4)}
2025-10-01 16:45:15,544 - INFO -   stockout_analysis: {'total_observations': 450000, 'stockout_hours': np.int64(0), 'stockout_rate_percent': np.float64(0.0), 'stores_with_stockouts': 0}
2025-10-01 16:45:15,544 - INFO -   data_quality: {'missing_values': {'city_id': 0, 'store_id': 0, 'management_group_id': 0, 'first_category_id': 0, 'second_category_id': 0, 'third_category_id': 0, 'product_id': 0, 'dt': 0, 'sale_amount': 0, 'hours_sale': 0, 'stock_hour6_22_cnt': 0, 'hours_stock_status': 0, 'discount': 0, 'holiday_flag': 0, 'activity_flag': 0, 'precpt': 0, 'avg_temperature': 0, 'avg_humidity': 0, 'avg_wind_level': 0}, 'duplicate_rows': np.int64(0)}
2025-10-01 16:45:15,544 - INFO - Starting feature engineering...
2025-10-01 16:45:15,544 - INFO - Starting comprehensive feature engineering pipeline...
2025-10-01 16:45:15,564 - INFO - Creating temporal features...
2025-10-01 16:45:15,671 - INFO - Created 19 temporal features
2025-10-01 16:45:15,709 - INFO - Creating categorical and interaction features...
2025-10-01 16:45:16,013 - INFO - Creating lag features for periods: [1, 2, 3, 7, 14, 21]
2025-10-01 16:45:16,315 - INFO - Creating rolling features for windows: [6, 24, 168]
2025-10-01 16:45:25,832 - INFO - Creating interaction features...
2025-10-01 16:45:25,851 - INFO - Feature engineering complete: 19 → 73 features (+54)
2025-10-01 16:45:25,851 - INFO - Starting comprehensive feature engineering pipeline...
2025-10-01 16:45:25,856 - INFO - Creating temporal features...
2025-10-01 16:45:25,869 - INFO - Created 19 temporal features
2025-10-01 16:45:25,872 - INFO - Creating categorical and interaction features...
2025-10-01 16:45:25,893 - INFO - Creating lag features for periods: [1, 2, 3, 7, 14, 21]
2025-10-01 16:45:25,917 - INFO - Creating rolling features for windows: [6, 24, 168]
2025-10-01 16:45:30,281 - INFO - Creating interaction features...
2025-10-01 16:45:30,284 - INFO - Feature engineering complete: 19 → 73 features (+54)
2025-10-01 16:45:30,284 - INFO - Feature engineering complete. Features: 73
2025-10-01 16:45:30,291 - INFO - Using 68 features for training
2025-10-01 16:45:30,291 - INFO - Feature sample: ['management_group_id', 'first_category_id', 'second_category_id', 'third_category_id', 'hours_sale', 'stock_hour6_22_cnt', 'hours_stock_status', 'discount', 'holiday_flag', 'activity_flag']...
2025-10-01 16:45:30,328 - INFO - Training data shape: (450000, 68)
2025-10-01 16:45:30,328 - INFO - Evaluation data shape: (35000, 68)
2025-10-01 16:45:30,328 - INFO - Training LinearRegression_lasso...
2025-10-01 16:45:30,824 - WARNING - Features with >50% missing values: ['sale_amount_lag_7', 'stockout_lag_7', 'sale_amount_lag_14', 'sale_amount_lag_21']
2025-10-01 16:45:31,004 - WARNING - Dropped non-numeric columns: ['stockout_lag_2', 'hours_sale', 'stockout_lag_1', 'stockout_lag_3', 'stockout_lag_7', 'stock_hour_interaction', 'hours_stock_status']
2025-10-01 16:45:31,004 - INFO - Fitting LinearRegression_lasso with 61 features...
2025-10-01 16:45:36,269 - INFO - Training completed. R² score: 0.2881
2025-10-01 16:45:36,286 - INFO - Training completed in 5.96 seconds
2025-10-01 16:45:36,289 - INFO - Generating predictions...
2025-10-01 16:45:38,058 - INFO - Evaluating model performance...
2025-10-01 16:45:38,064 - INFO - Training Metrics:
2025-10-01 16:45:38,064 - INFO -   MAE: 0.5881
2025-10-01 16:45:38,064 - INFO -   RMSE: 1.1681
2025-10-01 16:45:38,064 - INFO -   MAPE: 391557954.3334
2025-10-01 16:45:38,064 - INFO -   sMAPE: 61.9737
2025-10-01 16:45:38,064 - INFO -   Bias: -0.0000
2025-10-01 16:45:38,064 - INFO -   Bias_Percentage: -0.0000
2025-10-01 16:45:38,068 - INFO - Evaluation Metrics:
2025-10-01 16:45:38,068 - INFO -   MAE: 0.6435
2025-10-01 16:45:38,068 - INFO -   RMSE: 1.5393
2025-10-01 16:45:38,068 - INFO -   MAPE: 329515791.8533
2025-10-01 16:45:38,068 - INFO -   sMAPE: 56.9415
2025-10-01 16:45:38,068 - INFO -   Bias: -0.1488
2025-10-01 16:45:38,068 - INFO -   Bias_Percentage: -12.3946
2025-10-01 16:45:38,068 - INFO -   MASE: nan
2025-10-01 16:45:38,068 - INFO - Top 10 Most Important Features:
2025-10-01 16:45:38,068 - INFO -   sale_amount_rolling_mean_6: 0.2459
2025-10-01 16:45:38,068 - INFO -   management_group_id: 0.0000
2025-10-01 16:45:38,068 - INFO -   first_category_id: 0.0000
2025-10-01 16:45:38,068 - INFO -   second_category_id: 0.0000
2025-10-01 16:45:38,068 - INFO -   third_category_id: 0.0000
2025-10-01 16:45:38,068 - INFO -   stock_hour6_22_cnt: 0.0000
2025-10-01 16:45:38,068 - INFO -   discount: 0.0000
2025-10-01 16:45:38,068 - INFO -   holiday_flag: 0.0000
2025-10-01 16:45:38,068 - INFO -   activity_flag: 0.0000
2025-10-01 16:45:38,068 - INFO -   precpt: 0.0000
2025-10-01 16:45:38,083 - INFO - Model LinearRegression_lasso saved to models/trained/baseline_lasso_20251001_164506_20251001_164538.joblib
2025-10-01 16:45:38,093 - INFO - Model saved to: models/trained/baseline_lasso_20251001_164506_20251001_164538.joblib
2025-10-01 16:45:38,094 - INFO - Results saved to: models/trained/baseline_lasso_20251001_164506_20251001_164538_results.yaml
2025-10-01 16:45:38,094 - INFO - Experiment completed successfully!
2025-10-01 16:45:38,094 - INFO - Key Results:
2025-10-01 16:45:38,094 - INFO -   Evaluation MAE: 0.6435
2025-10-01 16:45:38,094 - INFO -   Evaluation RMSE: 1.5393
2025-10-01 16:45:38,094 - INFO -   Evaluation MAPE: 329515791.85%
2025-10-01 16:45:38,094 - INFO -   Model Bias: -0.1488
2025-10-01 17:00:53,866 - INFO - Successfully loaded:
2025-10-01 17:00:53,866 - INFO -   Training samples: 450,000
2025-10-01 17:00:53,866 - INFO -   Evaluation samples: 35,000
2025-10-01 17:01:22,375 - INFO - Successfully loaded:
2025-10-01 17:01:22,376 - INFO -   Training samples: 450,000
2025-10-01 17:01:22,376 - INFO -   Evaluation samples: 35,000
2025-10-01 17:01:51,506 - INFO - Successfully loaded:
2025-10-01 17:01:51,506 - INFO -   Training samples: 450,000
2025-10-01 17:01:51,506 - INFO -   Evaluation samples: 35,000
2025-10-01 17:02:24,413 - INFO - Successfully loaded:
2025-10-01 17:02:24,413 - INFO -   Training samples: 450,000
2025-10-01 17:02:24,413 - INFO -   Evaluation samples: 35,000
2025-10-01 17:02:25,228 - INFO - Starting comprehensive feature engineering pipeline...
2025-10-01 17:02:25,248 - INFO - Creating temporal features...
2025-10-01 17:02:25,355 - INFO - Created 19 temporal features
2025-10-01 17:02:25,394 - INFO - Creating categorical and interaction features...
2025-10-01 17:02:25,678 - INFO - Creating lag features for periods: [1, 2, 3, 7, 14, 21]
2025-10-01 17:02:25,956 - INFO - Creating rolling features for windows: [6, 24, 168]
2025-10-01 17:02:35,004 - INFO - Creating interaction features...
2025-10-01 17:02:35,023 - INFO - Feature engineering complete: 19 → 73 features (+54)
2025-10-01 17:03:09,077 - INFO - Successfully loaded:
2025-10-01 17:03:09,077 - INFO -   Training samples: 450,000
2025-10-01 17:03:09,077 - INFO -   Evaluation samples: 35,000
2025-10-01 17:03:09,878 - INFO - Starting comprehensive feature engineering pipeline...
2025-10-01 17:03:09,898 - INFO - Creating temporal features...
2025-10-01 17:03:10,005 - INFO - Created 19 temporal features
2025-10-01 17:03:10,043 - INFO - Creating categorical and interaction features...
2025-10-01 17:03:10,336 - INFO - Creating lag features for periods: [1, 2, 3, 7, 14, 21]
2025-10-01 17:03:10,615 - INFO - Creating rolling features for windows: [6, 24, 168]
2025-10-01 17:03:19,737 - INFO - Creating interaction features...
2025-10-01 17:03:19,756 - INFO - Feature engineering complete: 19 → 73 features (+54)
2025-10-01 19:09:46,688 - INFO - Starting experiment: baseline_linear_20251001_190946
2025-10-01 19:09:46,688 - INFO - Model: linear
2025-10-01 19:09:46,688 - INFO - Configuration: config/config.yaml
2025-10-01 19:09:46,688 - INFO - Loading data...
2025-10-01 19:09:54,218 - INFO - Successfully loaded:
2025-10-01 19:09:54,218 - INFO -   Training samples: 450,000
2025-10-01 19:09:54,218 - INFO -   Evaluation samples: 35,000
2025-10-01 19:09:55,364 - INFO - Data Summary:
2025-10-01 19:09:55,364 - INFO -   dataset_shape: {'train': (450000, 19)}
2025-10-01 19:09:55,364 - INFO -   time_span: {'start': '2024-03-28 00:00:00', 'end': '2024-06-25 00:00:00', 'duration_days': 89}
2025-10-01 19:09:55,364 - INFO -   business_dimensions: {'unique_stores': 898, 'unique_products': 865, 'unique_cities': 18, 'total_store_product_combinations': 49997}
2025-10-01 19:09:55,364 - INFO -   target_statistics: {'mean_sales': np.float64(0.9941817888888888), 'median_sales': np.float64(0.7), 'zero_sales_percentage': np.float64(4.454666666666666), 'max_sales': np.float64(40.4)}
2025-10-01 19:09:55,364 - INFO -   stockout_analysis: {'total_observations': 450000, 'stockout_hours': np.int64(0), 'stockout_rate_percent': np.float64(0.0), 'stores_with_stockouts': 0}
2025-10-01 19:09:55,364 - INFO -   data_quality: {'missing_values': {'city_id': 0, 'store_id': 0, 'management_group_id': 0, 'first_category_id': 0, 'second_category_id': 0, 'third_category_id': 0, 'product_id': 0, 'dt': 0, 'sale_amount': 0, 'hours_sale': 0, 'stock_hour6_22_cnt': 0, 'hours_stock_status': 0, 'discount': 0, 'holiday_flag': 0, 'activity_flag': 0, 'precpt': 0, 'avg_temperature': 0, 'avg_humidity': 0, 'avg_wind_level': 0}, 'duplicate_rows': np.int64(0)}
2025-10-01 19:09:55,364 - INFO - Starting feature engineering...
2025-10-01 19:09:55,364 - INFO - Starting comprehensive feature engineering pipeline...
2025-10-01 19:09:55,387 - INFO - Creating temporal features...
2025-10-01 19:09:56,487 - INFO - Created 53 total features
2025-10-01 19:09:56,611 - INFO - Creating categorical and interaction features...
2025-10-01 19:09:57,155 - INFO - Creating lag features for periods: [1, 2, 3, 7, 14, 21]
2025-10-01 19:09:57,442 - INFO - Creating rolling features for windows: [6, 24, 168]
2025-10-01 19:10:07,231 - INFO - Creating interaction features...
2025-10-01 19:10:07,239 - INFO - Feature engineering complete: 19 → 89 features (+70)
2025-10-01 19:10:07,239 - INFO - Starting comprehensive feature engineering pipeline...
2025-10-01 19:10:07,245 - INFO - Creating temporal features...
2025-10-01 19:10:07,331 - INFO - Created 53 total features
2025-10-01 19:10:07,336 - INFO - Creating categorical and interaction features...
2025-10-01 19:10:07,373 - INFO - Creating lag features for periods: [1, 2, 3, 7, 14, 21]
2025-10-01 19:10:07,396 - INFO - Creating rolling features for windows: [6, 24, 168]
2025-10-01 19:10:11,886 - INFO - Creating interaction features...
2025-10-01 19:10:11,888 - INFO - Feature engineering complete: 19 → 89 features (+70)
2025-10-01 19:10:11,888 - INFO - Feature engineering complete. Features: 89
2025-10-01 19:10:11,896 - ERROR - Experiment failed: cannot unpack non-iterable NoneType object
2025-10-01 19:29:41,514 - INFO - Loading data...
2025-10-01 19:29:48,136 - INFO - Successfully loaded:
2025-10-01 19:29:48,136 - INFO -   Training samples: 450,000
2025-10-01 19:29:48,136 - INFO -   Evaluation samples: 35,000
2025-10-01 19:29:48,136 - INFO - Starting comprehensive feature engineering pipeline...
2025-10-01 19:29:48,155 - INFO - Creating temporal features...
2025-10-01 19:29:49,195 - INFO - Created 53 total features
2025-10-01 19:29:49,250 - INFO - Creating categorical and interaction features...
2025-10-01 19:29:49,769 - INFO - Creating lag features for periods: [1, 2, 3, 7, 14, 21]
2025-10-01 19:29:50,050 - INFO - Creating rolling features for windows: [6, 24, 168]
2025-10-01 19:30:00,008 - INFO - Creating interaction features...
2025-10-01 19:30:00,017 - INFO - Feature engineering complete: 19 → 89 features (+70)
2025-10-01 19:30:00,018 - INFO - Starting comprehensive feature engineering pipeline...
2025-10-01 19:30:00,023 - INFO - Creating temporal features...
2025-10-01 19:30:00,108 - INFO - Created 53 total features
2025-10-01 19:30:00,112 - INFO - Creating categorical and interaction features...
2025-10-01 19:30:00,146 - INFO - Creating lag features for periods: [1, 2, 3, 7, 14, 21]
2025-10-01 19:30:00,169 - INFO - Creating rolling features for windows: [6, 24, 168]
2025-10-01 19:30:04,728 - INFO - Creating interaction features...
2025-10-01 19:30:04,730 - INFO - Feature engineering complete: 19 → 89 features (+70)
2025-10-02 17:43:59,763 - INFO - Successfully loaded:
2025-10-02 17:43:59,764 - INFO -   Training samples: 450,000
2025-10-02 17:43:59,764 - INFO -   Evaluation samples: 35,000
2025-10-02 17:43:59,764 - INFO - Starting comprehensive feature engineering pipeline...
2025-10-02 17:43:59,783 - INFO - Creating temporal features...
2025-10-02 17:44:00,837 - INFO - Created 53 total features
2025-10-02 17:44:00,890 - INFO - Creating categorical and interaction features...
2025-10-02 17:44:01,429 - INFO - Creating lag features for periods: [1, 2, 3, 7, 14, 21]
2025-10-02 17:44:01,722 - INFO - Creating rolling features for windows: [6, 24, 168]
2025-10-02 17:44:12,071 - INFO - Creating interaction features...
2025-10-02 17:44:12,080 - INFO - Feature engineering complete: 19 → 89 features (+70)
2025-10-02 17:44:12,128 - INFO - Running GridSearchCV for lasso...
2025-10-02 17:49:16,204 - INFO - Successfully loaded:
2025-10-02 17:49:16,204 - INFO -   Training samples: 450,000
2025-10-02 17:49:16,204 - INFO -   Evaluation samples: 35,000
2025-10-02 17:49:16,204 - INFO - Starting comprehensive feature engineering pipeline...
2025-10-02 17:49:16,224 - INFO - Creating temporal features...
2025-10-02 17:49:17,258 - INFO - Created 53 total features
2025-10-02 17:49:17,304 - INFO - Creating categorical and interaction features...
2025-10-02 17:49:17,780 - INFO - Creating lag features for periods: [1, 2, 3, 7, 14, 21]
2025-10-02 17:49:18,028 - INFO - Creating rolling features for windows: [6, 24, 168]
2025-10-02 17:49:28,010 - INFO - Creating interaction features...
2025-10-02 17:49:28,019 - INFO - Feature engineering complete: 19 → 89 features (+70)
2025-10-02 17:49:28,067 - INFO - Running GridSearchCV for lasso...
2025-10-02 18:04:33,402 - INFO - Successfully loaded:
2025-10-02 18:04:33,402 - INFO -   Training samples: 450,000
2025-10-02 18:04:33,402 - INFO -   Evaluation samples: 35,000
2025-10-02 18:04:33,402 - INFO - Starting comprehensive feature engineering pipeline...
2025-10-02 18:04:33,425 - INFO - Creating temporal features...
2025-10-02 18:04:34,584 - INFO - Created 53 total features
2025-10-02 18:04:34,646 - INFO - Creating categorical and interaction features...
2025-10-02 18:04:35,204 - INFO - Creating lag features for periods: [1, 2, 3, 7, 14, 21]
2025-10-02 18:04:35,500 - INFO - Creating rolling features for windows: [6, 24, 168]
2025-10-02 18:04:46,355 - INFO - Creating interaction features...
2025-10-02 18:04:46,370 - INFO - Feature engineering complete: 19 → 89 features (+70)
2025-10-02 18:04:46,430 - INFO - Running GridSearchCV for lasso...
2025-10-02 18:15:15,263 - INFO - Successfully loaded:
2025-10-02 18:15:15,263 - INFO -   Training samples: 450,000
2025-10-02 18:15:15,263 - INFO -   Evaluation samples: 35,000
2025-10-02 18:15:24,212 - INFO - Starting comprehensive feature engineering pipeline...
2025-10-02 18:15:24,587 - INFO - Creating temporal features...
2025-10-02 18:15:52,701 - INFO - Created 53 total features
2025-10-02 18:23:03,477 - INFO - Successfully loaded:
2025-10-02 18:23:03,478 - INFO -   Training samples: 450,000
2025-10-02 18:23:03,478 - INFO -   Evaluation samples: 35,000
2025-10-02 18:23:03,491 - INFO - Starting comprehensive feature engineering pipeline...
2025-10-02 18:23:03,512 - INFO - Creating temporal features...
2025-10-02 18:23:04,581 - INFO - Created 53 total features
2025-10-02 18:23:04,628 - INFO - Creating categorical and interaction features...
2025-10-02 18:23:05,169 - INFO - Creating lag features for periods: [1, 2, 3, 7, 14, 21]
2025-10-02 18:23:05,450 - INFO - Creating rolling features for windows: [6, 24, 168]
2025-10-02 18:23:15,329 - INFO - Creating interaction features...
2025-10-02 18:23:15,338 - INFO - Feature engineering complete: 19 → 89 features (+70)
2025-10-02 18:23:15,378 - INFO - Running GridSearchCV for lasso...
2025-10-02 18:23:43,162 - INFO - Successfully loaded:
2025-10-02 18:23:43,162 - INFO -   Training samples: 450,000
2025-10-02 18:23:43,162 - INFO -   Evaluation samples: 35,000
2025-10-02 18:23:43,175 - INFO - Starting comprehensive feature engineering pipeline...
2025-10-02 18:23:43,196 - INFO - Creating temporal features...
2025-10-02 18:23:44,221 - INFO - Created 53 total features
2025-10-02 18:23:44,271 - INFO - Creating categorical and interaction features...
2025-10-02 18:23:44,770 - INFO - Creating lag features for periods: [1, 2, 3, 7, 14, 21]
2025-10-02 18:23:45,048 - INFO - Creating rolling features for windows: [6, 24, 168]
2025-10-02 18:23:55,260 - INFO - Creating interaction features...
2025-10-02 18:23:55,269 - INFO - Feature engineering complete: 19 → 89 features (+70)
2025-10-02 18:23:55,291 - INFO - Running GridSearchCV for lasso...
2025-10-02 18:24:36,831 - INFO - Successfully loaded:
2025-10-02 18:24:36,831 - INFO -   Training samples: 450,000
2025-10-02 18:24:36,831 - INFO -   Evaluation samples: 35,000
2025-10-02 18:24:36,844 - INFO - Starting comprehensive feature engineering pipeline...
2025-10-02 18:24:36,867 - INFO - Creating temporal features...
2025-10-02 18:24:37,895 - INFO - Created 53 total features
2025-10-02 18:24:37,942 - INFO - Creating categorical and interaction features...
2025-10-02 18:24:38,424 - INFO - Creating lag features for periods: [1, 2, 3, 7, 14, 21]
2025-10-02 18:24:38,675 - INFO - Creating rolling features for windows: [6, 24, 168]
2025-10-02 18:24:48,594 - INFO - Creating interaction features...
2025-10-02 18:24:48,603 - INFO - Feature engineering complete: 19 → 89 features (+70)
2025-10-02 18:24:48,643 - INFO - Running GridSearchCV for lasso...
2025-10-02 18:25:43,819 - INFO - Successfully loaded:
2025-10-02 18:25:43,819 - INFO -   Training samples: 450,000
2025-10-02 18:25:43,819 - INFO -   Evaluation samples: 35,000
2025-10-02 18:25:43,819 - INFO - Starting comprehensive feature engineering pipeline...
2025-10-02 18:25:43,840 - INFO - Creating temporal features...
2025-10-02 18:25:44,863 - INFO - Created 53 total features
2025-10-02 18:25:44,913 - INFO - Creating categorical and interaction features...
2025-10-02 18:25:45,445 - INFO - Creating lag features for periods: [1, 2, 3, 7, 14, 21]
2025-10-02 18:25:45,699 - INFO - Creating rolling features for windows: [6, 24, 168]
2025-10-02 18:25:55,571 - INFO - Creating interaction features...
2025-10-02 18:25:55,580 - INFO - Feature engineering complete: 19 → 89 features (+70)
2025-10-02 18:25:55,620 - INFO - Running GridSearchCV for lasso...
2025-10-02 18:26:57,836 - INFO - Successfully loaded:
2025-10-02 18:26:57,836 - INFO -   Training samples: 45,000
2025-10-02 18:26:57,836 - INFO -   Evaluation samples: 3,500
2025-10-02 18:26:57,836 - INFO - Starting comprehensive feature engineering pipeline...
2025-10-02 18:26:57,842 - INFO - Creating temporal features...
2025-10-02 18:26:57,951 - INFO - Created 53 total features
2025-10-02 18:26:57,957 - INFO - Creating categorical and interaction features...
2025-10-02 18:26:58,008 - INFO - Creating lag features for periods: [1, 2, 3, 7, 14, 21]
2025-10-02 18:26:58,037 - INFO - Creating rolling features for windows: [6, 24, 168]
2025-10-02 18:27:03,276 - INFO - Creating interaction features...
2025-10-02 18:27:03,278 - INFO - Feature engineering complete: 19 → 89 features (+70)
2025-10-02 18:27:03,291 - INFO - Running GridSearchCV for lasso...
2025-10-02 18:28:25,624 - INFO - Successfully loaded:
2025-10-02 18:28:25,624 - INFO -   Training samples: 45,000
2025-10-02 18:28:25,625 - INFO -   Evaluation samples: 3,500
2025-10-02 18:28:25,625 - INFO - Starting comprehensive feature engineering pipeline...
2025-10-02 18:28:25,630 - INFO - Creating temporal features...
2025-10-02 18:28:25,741 - INFO - Created 53 total features
2025-10-02 18:28:25,746 - INFO - Creating categorical and interaction features...
2025-10-02 18:28:25,791 - INFO - Creating lag features for periods: [1, 2, 3, 7, 14, 21]
2025-10-02 18:28:25,820 - INFO - Creating rolling features for windows: [6, 24, 168]
2025-10-02 18:28:31,004 - INFO - Creating interaction features...
2025-10-02 18:28:31,006 - INFO - Feature engineering complete: 19 → 89 features (+70)
2025-10-02 18:28:31,012 - INFO - Running GridSearchCV for lasso...
2025-10-02 18:29:00,403 - INFO - Successfully loaded:
2025-10-02 18:29:00,403 - INFO -   Training samples: 45,000
2025-10-02 18:29:00,405 - INFO -   Evaluation samples: 3,500
2025-10-02 18:29:00,405 - INFO - Starting comprehensive feature engineering pipeline...
2025-10-02 18:29:00,411 - INFO - Creating temporal features...
2025-10-02 18:29:00,523 - INFO - Created 53 total features
2025-10-02 18:29:00,529 - INFO - Creating categorical and interaction features...
2025-10-02 18:29:00,578 - INFO - Creating lag features for periods: [1, 2, 3, 7, 14, 21]
2025-10-02 18:29:00,607 - INFO - Creating rolling features for windows: [6, 24, 168]
2025-10-02 18:29:05,829 - INFO - Creating interaction features...
2025-10-02 18:29:05,831 - INFO - Feature engineering complete: 19 → 89 features (+70)
2025-10-02 18:29:34,364 - INFO - Successfully loaded:
2025-10-02 18:29:34,364 - INFO -   Training samples: 45,000
2025-10-02 18:29:34,364 - INFO -   Evaluation samples: 3,500
2025-10-02 18:29:34,364 - INFO - Starting comprehensive feature engineering pipeline...
2025-10-02 18:29:34,369 - INFO - Creating temporal features...
2025-10-02 18:29:34,478 - INFO - Created 53 total features
2025-10-02 18:29:34,484 - INFO - Creating categorical and interaction features...
2025-10-02 18:29:34,535 - INFO - Creating lag features for periods: [1, 2, 3, 7, 14, 21]
2025-10-02 18:29:34,564 - INFO - Creating rolling features for windows: [6, 24, 168]
2025-10-02 18:29:39,801 - INFO - Creating interaction features...
2025-10-02 18:29:39,803 - INFO - Feature engineering complete: 19 → 89 features (+70)
2025-10-02 18:29:39,807 - INFO - Running GridSearchCV for lasso...
2025-10-02 18:30:19,133 - INFO - Successfully loaded:
2025-10-02 18:30:19,133 - INFO -   Training samples: 45,000
2025-10-02 18:30:19,133 - INFO -   Evaluation samples: 3,500
2025-10-02 18:30:19,134 - INFO - Starting comprehensive feature engineering pipeline...
2025-10-02 18:30:19,139 - INFO - Creating temporal features...
2025-10-02 18:30:19,249 - INFO - Created 53 total features
2025-10-02 18:30:19,254 - INFO - Creating categorical and interaction features...
2025-10-02 18:30:19,303 - INFO - Creating lag features for periods: [1, 2, 3, 7, 14, 21]
2025-10-02 18:30:19,334 - INFO - Creating rolling features for windows: [6, 24, 168]
2025-10-02 18:30:24,789 - INFO - Creating interaction features...
2025-10-02 18:30:24,791 - INFO - Feature engineering complete: 19 → 89 features (+70)
2025-10-02 18:30:24,795 - INFO - Running GridSearchCV for ridge...
2025-10-02 18:33:43,746 - INFO - Successfully loaded:
2025-10-02 18:33:43,746 - INFO -   Training samples: 45,000
2025-10-02 18:33:43,746 - INFO -   Evaluation samples: 3,500
2025-10-02 18:33:43,746 - INFO - Starting comprehensive feature engineering pipeline...
2025-10-02 18:33:43,752 - INFO - Creating temporal features...
2025-10-02 18:33:43,864 - INFO - Created 53 total features
2025-10-02 18:33:43,870 - INFO - Creating categorical and interaction features...
2025-10-02 18:33:43,921 - INFO - Creating lag features for periods: [1, 2, 3, 7, 14, 21]
2025-10-02 18:33:43,953 - INFO - Creating rolling features for windows: [6, 24, 168]
2025-10-02 18:33:49,288 - INFO - Creating interaction features...
2025-10-02 18:33:49,290 - INFO - Feature engineering complete: 19 → 89 features (+70)
2025-10-02 18:33:49,294 - INFO - Running GridSearchCV for ridge...
2025-10-02 18:34:47,294 - INFO - Successfully loaded:
2025-10-02 18:34:47,294 - INFO -   Training samples: 45,000
2025-10-02 18:34:47,294 - INFO -   Evaluation samples: 3,500
2025-10-02 18:34:47,294 - INFO - Starting comprehensive feature engineering pipeline...
2025-10-02 18:34:47,300 - INFO - Creating temporal features...
2025-10-02 18:34:47,428 - INFO - Created 53 total features
2025-10-02 18:34:47,434 - INFO - Creating categorical and interaction features...
2025-10-02 18:34:47,484 - INFO - Creating lag features for periods: [1, 2, 3, 7, 14, 21]
2025-10-02 18:34:47,513 - INFO - Creating rolling features for windows: [6, 24, 168]
2025-10-02 18:34:53,000 - INFO - Creating interaction features...
2025-10-02 18:34:53,003 - INFO - Feature engineering complete: 19 → 89 features (+70)
2025-10-02 18:34:53,007 - INFO - Running GridSearchCV for ridge...
2025-10-02 18:36:20,712 - INFO - Successfully loaded:
2025-10-02 18:36:20,712 - INFO -   Training samples: 45,000
2025-10-02 18:36:20,712 - INFO -   Evaluation samples: 3,500
2025-10-02 18:36:20,712 - INFO - Starting comprehensive feature engineering pipeline...
2025-10-02 18:36:20,717 - INFO - Creating temporal features...
2025-10-02 18:36:20,829 - INFO - Created 53 total features
2025-10-02 18:36:20,835 - INFO - Creating categorical and interaction features...
2025-10-02 18:36:20,882 - INFO - Creating lag features for periods: [1, 2, 3, 7, 14, 21]
2025-10-02 18:36:20,911 - INFO - Creating rolling features for windows: [6, 24, 168]
2025-10-02 18:36:26,226 - INFO - Creating interaction features...
2025-10-02 18:36:26,229 - INFO - Feature engineering complete: 19 → 89 features (+70)
2025-10-02 18:36:26,233 - INFO - Running GridSearchCV for ridge...
2025-10-02 18:36:26,233 - INFO - first step...
2025-10-02 18:36:50,007 - INFO - Successfully loaded:
2025-10-02 18:36:50,007 - INFO -   Training samples: 45,000
2025-10-02 18:36:50,007 - INFO -   Evaluation samples: 3,500
2025-10-02 18:36:50,007 - INFO - Starting comprehensive feature engineering pipeline...
2025-10-02 18:36:50,012 - INFO - Creating temporal features...
2025-10-02 18:36:50,125 - INFO - Created 53 total features
2025-10-02 18:36:50,131 - INFO - Creating categorical and interaction features...
2025-10-02 18:36:50,178 - INFO - Creating lag features for periods: [1, 2, 3, 7, 14, 21]
2025-10-02 18:36:50,213 - INFO - Creating rolling features for windows: [6, 24, 168]
2025-10-02 18:36:55,503 - INFO - Creating interaction features...
2025-10-02 18:36:55,505 - INFO - Feature engineering complete: 19 → 89 features (+70)
2025-10-02 18:36:55,509 - INFO - Running GridSearchCV for ridge...
2025-10-02 18:43:37,109 - INFO - Successfully loaded:
2025-10-02 18:43:37,109 - INFO -   Training samples: 45,000
2025-10-02 18:43:37,109 - INFO -   Evaluation samples: 3,500
2025-10-02 18:43:37,109 - INFO - Starting comprehensive feature engineering pipeline...
2025-10-02 18:43:37,115 - INFO - Creating temporal features...
2025-10-02 18:43:37,223 - INFO - Created 53 total features
2025-10-02 18:43:37,228 - INFO - Creating categorical and interaction features...
2025-10-02 18:43:37,274 - INFO - Creating lag features for periods: [1, 2, 3, 7, 14, 21]
2025-10-02 18:43:37,303 - INFO - Creating rolling features for windows: [6, 24, 168]
2025-10-02 18:43:42,505 - INFO - Creating interaction features...
2025-10-02 18:43:42,508 - INFO - Feature engineering complete: 19 → 89 features (+70)
2025-10-02 18:43:42,512 - INFO - Running GridSearchCV for ridge...
2025-10-02 18:45:57,980 - INFO - Successfully loaded:
2025-10-02 18:45:57,980 - INFO -   Training samples: 45,000
2025-10-02 18:45:57,980 - INFO -   Evaluation samples: 3,500
2025-10-02 18:45:57,980 - INFO - Starting comprehensive feature engineering pipeline...
2025-10-02 18:45:57,986 - INFO - Creating temporal features...
2025-10-02 18:45:58,097 - INFO - Created 53 total features
2025-10-02 18:45:58,103 - INFO - Creating categorical and interaction features...
2025-10-02 18:45:58,155 - INFO - Creating lag features for periods: [1, 2, 3, 7, 14, 21]
2025-10-02 18:45:58,188 - INFO - Creating rolling features for windows: [6, 24, 168]
2025-10-02 18:46:03,725 - INFO - Creating interaction features...
2025-10-02 18:46:03,728 - INFO - Feature engineering complete: 19 → 89 features (+70)
2025-10-02 18:46:03,731 - INFO - Running GridSearchCV for ridge...
2025-10-02 18:46:07,738 - INFO - first step...
2025-10-02 18:46:07,739 - INFO - ridge best MAE: 0.1179 with params {'model__alpha': 10.0, 'model__fit_intercept': True}
2025-10-02 18:46:07,741 - INFO - Updated config/config.yaml with best parameters for selected model(s)
2025-10-02 18:47:34,691 - INFO - Successfully loaded:
2025-10-02 18:47:34,691 - INFO -   Training samples: 45,000
2025-10-02 18:47:34,691 - INFO -   Evaluation samples: 3,500
2025-10-02 18:47:34,691 - INFO - Starting comprehensive feature engineering pipeline...
2025-10-02 18:47:34,697 - INFO - Creating temporal features...
2025-10-02 18:47:34,808 - INFO - Created 53 total features
2025-10-02 18:47:34,814 - INFO - Creating categorical and interaction features...
2025-10-02 18:47:34,863 - INFO - Creating lag features for periods: [1, 2, 3, 7, 14, 21]
2025-10-02 18:47:34,892 - INFO - Creating rolling features for windows: [6, 24, 168]
2025-10-02 18:47:40,275 - INFO - Creating interaction features...
2025-10-02 18:47:40,278 - INFO - Feature engineering complete: 19 → 89 features (+70)
2025-10-02 18:47:40,286 - INFO - Running GridSearchCV for ridge...
2025-10-02 18:47:44,058 - INFO - first step...
2025-10-02 18:47:44,058 - INFO - ridge best MAE: 0.1179 with params {'model__alpha': 10.0, 'model__fit_intercept': True}
2025-10-02 18:47:44,061 - INFO - Updated config/config.yaml with best parameters for selected model(s)
2025-10-02 18:48:30,951 - INFO - Successfully loaded:
2025-10-02 18:48:30,951 - INFO -   Training samples: 45,000
2025-10-02 18:48:30,951 - INFO -   Evaluation samples: 3,500
2025-10-02 18:48:30,951 - INFO - Starting comprehensive feature engineering pipeline...
2025-10-02 18:48:30,957 - INFO - Creating temporal features...
2025-10-02 18:48:31,066 - INFO - Created 53 total features
2025-10-02 18:48:31,071 - INFO - Creating categorical and interaction features...
2025-10-02 18:48:31,116 - INFO - Creating lag features for periods: [1, 2, 3, 7, 14, 21]
2025-10-02 18:48:31,147 - INFO - Creating rolling features for windows: [6, 24, 168]
2025-10-02 18:48:36,393 - INFO - Creating interaction features...
2025-10-02 18:48:36,395 - INFO - Feature engineering complete: 19 → 89 features (+70)
2025-10-02 18:48:36,404 - INFO - Running GridSearchCV for ridge...
2025-10-02 18:48:40,192 - INFO - first step...
2025-10-02 18:48:40,192 - INFO - ridge best MAE: 0.1179 with params {'model__alpha': 10.0, 'model__fit_intercept': True}
2025-10-02 18:48:40,195 - INFO - Updated config/config.yaml with best parameters for selected model(s)
2025-10-02 18:49:39,393 - INFO - Successfully loaded:
2025-10-02 18:49:39,393 - INFO -   Training samples: 45,000
2025-10-02 18:49:39,393 - INFO -   Evaluation samples: 3,500
2025-10-02 18:49:39,393 - INFO - Starting comprehensive feature engineering pipeline...
2025-10-02 18:49:39,399 - INFO - Creating temporal features...
2025-10-02 18:49:39,515 - INFO - Created 53 total features
2025-10-02 18:49:39,520 - INFO - Creating categorical and interaction features...
2025-10-02 18:49:39,566 - INFO - Creating lag features for periods: [1, 2, 3, 7, 14, 21]
2025-10-02 18:49:39,595 - INFO - Creating rolling features for windows: [6, 24, 168]
2025-10-02 18:49:44,835 - INFO - Creating interaction features...
2025-10-02 18:49:44,837 - INFO - Feature engineering complete: 19 → 89 features (+70)
2025-10-02 18:49:44,845 - INFO - Running GridSearchCV for ridge...
2025-10-02 18:49:48,613 - INFO - first step...
2025-10-02 18:49:48,613 - INFO - ridge best MAE: 0.1179 with params {'model__alpha': 10.0, 'model__fit_intercept': True}
2025-10-02 18:51:04,466 - INFO - Successfully loaded:
2025-10-02 18:51:04,466 - INFO -   Training samples: 45,000
2025-10-02 18:51:04,466 - INFO -   Evaluation samples: 3,500
2025-10-02 18:51:04,466 - INFO - Starting comprehensive feature engineering pipeline...
2025-10-02 18:51:04,472 - INFO - Creating temporal features...
2025-10-02 18:51:04,583 - INFO - Created 53 total features
2025-10-02 18:51:04,589 - INFO - Creating categorical and interaction features...
2025-10-02 18:51:04,634 - INFO - Creating lag features for periods: [1, 2, 3, 7, 14, 21]
2025-10-02 18:51:04,663 - INFO - Creating rolling features for windows: [6, 24, 168]
2025-10-02 18:51:09,909 - INFO - Creating interaction features...
2025-10-02 18:51:09,911 - INFO - Feature engineering complete: 19 → 89 features (+70)
2025-10-02 18:51:09,919 - INFO - Running GridSearchCV for ridge...
2025-10-02 18:51:13,660 - INFO - first step...
2025-10-02 18:51:13,660 - INFO - ridge best MAE: 0.1179 with params {'model__alpha': 10.0, 'model__fit_intercept': True}
2025-10-02 18:52:53,381 - INFO - Successfully loaded:
2025-10-02 18:52:53,381 - INFO -   Training samples: 45,000
2025-10-02 18:52:53,381 - INFO -   Evaluation samples: 3,500
2025-10-02 18:52:53,382 - INFO - Starting comprehensive feature engineering pipeline...
2025-10-02 18:52:53,387 - INFO - Creating temporal features...
2025-10-02 18:52:53,498 - INFO - Created 53 total features
2025-10-02 18:52:53,504 - INFO - Creating categorical and interaction features...
2025-10-02 18:52:53,550 - INFO - Creating lag features for periods: [1, 2, 3, 7, 14, 21]
2025-10-02 18:52:53,579 - INFO - Creating rolling features for windows: [6, 24, 168]
2025-10-02 18:52:58,805 - INFO - Creating interaction features...
2025-10-02 18:52:58,807 - INFO - Feature engineering complete: 19 → 89 features (+70)
2025-10-02 18:52:58,815 - INFO - Running GridSearchCV for ridge...
2025-10-02 18:53:02,644 - INFO - first step...
2025-10-02 18:53:02,644 - INFO - ridge best MAE: 0.1179 with params {'model__alpha': 10.0, 'model__fit_intercept': True}
2025-10-02 18:54:59,153 - INFO - Successfully loaded:
2025-10-02 18:54:59,153 - INFO -   Training samples: 45,000
2025-10-02 18:54:59,153 - INFO -   Evaluation samples: 3,500
2025-10-02 18:54:59,153 - INFO - Starting comprehensive feature engineering pipeline...
2025-10-02 18:54:59,159 - INFO - Creating temporal features...
2025-10-02 18:54:59,270 - INFO - Created 53 total features
2025-10-02 18:54:59,275 - INFO - Creating categorical and interaction features...
2025-10-02 18:54:59,320 - INFO - Creating lag features for periods: [1, 2, 3, 7, 14, 21]
2025-10-02 18:54:59,350 - INFO - Creating rolling features for windows: [6, 24, 168]
2025-10-02 18:55:04,583 - INFO - Creating interaction features...
2025-10-02 18:55:04,585 - INFO - Feature engineering complete: 19 → 89 features (+70)
2025-10-02 18:55:04,593 - INFO - Running GridSearchCV for ridge...
2025-10-02 18:55:08,366 - INFO - first step...
2025-10-02 18:55:08,366 - INFO - ridge best MAE: 0.1179 with params {'model__alpha': 10.0, 'model__fit_intercept': True}
2025-10-02 18:55:08,369 - INFO - Updated config/config.yaml with best parameters for selected model(s)
2025-10-02 18:56:02,872 - INFO - Successfully loaded:
2025-10-02 18:56:02,872 - INFO -   Training samples: 45,000
2025-10-02 18:56:02,872 - INFO -   Evaluation samples: 3,500
2025-10-02 18:56:02,872 - INFO - Starting comprehensive feature engineering pipeline...
2025-10-02 18:56:02,877 - INFO - Creating temporal features...
2025-10-02 18:56:02,988 - INFO - Created 53 total features
2025-10-02 18:56:02,995 - INFO - Creating categorical and interaction features...
2025-10-02 18:56:03,043 - INFO - Creating lag features for periods: [1, 2, 3, 7, 14, 21]
2025-10-02 18:56:03,072 - INFO - Creating rolling features for windows: [6, 24, 168]
2025-10-02 18:56:08,292 - INFO - Creating interaction features...
2025-10-02 18:56:08,294 - INFO - Feature engineering complete: 19 → 89 features (+70)
2025-10-02 18:56:08,302 - INFO - Running GridSearchCV for ridge...
2025-10-02 18:56:12,043 - INFO - first step...
2025-10-02 18:56:12,043 - INFO - ridge best MAE: 0.1179 with params {'model__alpha': 10.0, 'model__fit_intercept': True}
2025-10-02 18:56:12,046 - INFO - Updated config/config.yaml with best parameters for selected model(s)
2025-10-02 18:59:21,993 - INFO - Successfully loaded:
2025-10-02 18:59:21,993 - INFO -   Training samples: 45,000
2025-10-02 18:59:21,993 - INFO -   Evaluation samples: 3,500
2025-10-02 18:59:21,993 - INFO - Starting comprehensive feature engineering pipeline...
2025-10-02 18:59:21,999 - INFO - Creating temporal features...
2025-10-02 18:59:22,107 - INFO - Created 53 total features
2025-10-02 18:59:22,112 - INFO - Creating categorical and interaction features...
2025-10-02 18:59:22,160 - INFO - Creating lag features for periods: [1, 2, 3, 7, 14, 21]
2025-10-02 18:59:22,191 - INFO - Creating rolling features for windows: [6, 24, 168]
2025-10-02 18:59:27,463 - INFO - Creating interaction features...
2025-10-02 18:59:27,466 - INFO - Feature engineering complete: 19 → 89 features (+70)
2025-10-02 18:59:27,474 - INFO - Running GridSearchCV for ridge...
2025-10-02 18:59:31,255 - INFO - first step...
2025-10-02 18:59:31,255 - INFO - ridge best MAE: 0.1179 with params {'model__alpha': 10.0, 'model__fit_intercept': True}
2025-10-02 18:59:31,257 - INFO - Updated config/config.yaml with best parameters for selected model(s)
2025-10-02 19:02:27,884 - INFO - Successfully loaded:
2025-10-02 19:02:27,884 - INFO -   Training samples: 45,000
2025-10-02 19:02:27,884 - INFO -   Evaluation samples: 3,500
2025-10-02 19:02:27,884 - INFO - Starting comprehensive feature engineering pipeline...
2025-10-02 19:02:27,890 - INFO - Creating temporal features...
2025-10-02 19:02:28,002 - INFO - Created 53 total features
2025-10-02 19:02:28,007 - INFO - Creating categorical and interaction features...
2025-10-02 19:02:28,052 - INFO - Creating lag features for periods: [1, 2, 3, 7, 14, 21]
2025-10-02 19:02:28,081 - INFO - Creating rolling features for windows: [6, 24, 168]
2025-10-02 19:02:33,245 - INFO - Creating interaction features...
2025-10-02 19:02:33,247 - INFO - Feature engineering complete: 19 → 89 features (+70)
2025-10-02 19:02:33,255 - INFO - Running GridSearchCV for ridge...
2025-10-02 19:02:37,032 - INFO - first step...
2025-10-02 19:02:37,032 - INFO - ridge best MAE: 0.1179 with params {'model__alpha': 10.0, 'model__fit_intercept': True}
2025-10-02 19:02:37,035 - INFO - Updated config/config.yaml with best parameters for selected model(s)
2025-10-02 19:35:45,463 - INFO - Successfully loaded:
2025-10-02 19:35:45,463 - INFO -   Training samples: 45,000
2025-10-02 19:35:45,463 - INFO -   Evaluation samples: 3,500
2025-10-02 19:35:45,463 - INFO - Starting comprehensive feature engineering pipeline...
2025-10-02 19:35:45,469 - INFO - Creating temporal features...
2025-10-02 19:35:45,577 - INFO - Created 53 total features
2025-10-02 19:35:45,582 - INFO - Creating categorical and interaction features...
2025-10-02 19:35:45,628 - INFO - Creating lag features for periods: [1, 2, 3, 7, 14, 21]
2025-10-02 19:35:45,657 - INFO - Creating rolling features for windows: [6, 24, 168]
2025-10-02 19:35:50,891 - INFO - Creating interaction features...
2025-10-02 19:35:50,893 - INFO - Feature engineering complete: 19 → 89 features (+70)
2025-10-02 19:35:50,901 - INFO - Running GridSearchCV for ridge...
2025-10-02 19:35:54,677 - INFO - ridge best MAE: 0.1179 with params {'model__alpha': 10.0, 'model__fit_intercept': True}
2025-10-02 19:35:54,693 - INFO - Updated config/config.yaml with best parameters for selected model(s)
2025-10-02 19:36:32,564 - INFO - Successfully loaded:
2025-10-02 19:36:32,564 - INFO -   Training samples: 45,000
2025-10-02 19:36:32,564 - INFO -   Evaluation samples: 3,500
2025-10-02 19:36:32,564 - INFO - Starting comprehensive feature engineering pipeline...
2025-10-02 19:36:32,570 - INFO - Creating temporal features...
2025-10-02 19:36:32,679 - INFO - Created 53 total features
2025-10-02 19:36:32,684 - INFO - Creating categorical and interaction features...
2025-10-02 19:36:32,730 - INFO - Creating lag features for periods: [1, 2, 3, 7, 14, 21]
2025-10-02 19:36:32,759 - INFO - Creating rolling features for windows: [6, 24, 168]
2025-10-02 19:36:38,006 - INFO - Creating interaction features...
2025-10-02 19:36:38,008 - INFO - Feature engineering complete: 19 → 89 features (+70)
2025-10-02 19:36:38,016 - INFO - Running GridSearchCV for ridge...
2025-10-02 19:36:41,750 - INFO - ridge best MAE: 0.1179 with params {'model__alpha': 10.0, 'model__fit_intercept': True}
2025-10-02 19:36:41,766 - INFO - Updated config/config.yaml with best parameters for selected model(s)
2025-10-02 19:38:19,321 - INFO - Successfully loaded:
2025-10-02 19:38:19,321 - INFO -   Training samples: 45,000
2025-10-02 19:38:19,321 - INFO -   Evaluation samples: 3,500
2025-10-02 19:38:19,321 - INFO - Starting comprehensive feature engineering pipeline...
2025-10-02 19:38:19,327 - INFO - Creating temporal features...
2025-10-02 19:38:19,436 - INFO - Created 53 total features
2025-10-02 19:38:19,441 - INFO - Creating categorical and interaction features...
2025-10-02 19:38:19,486 - INFO - Creating lag features for periods: [1, 2, 3, 7, 14, 21]
2025-10-02 19:38:19,515 - INFO - Creating rolling features for windows: [6, 24, 168]
2025-10-02 19:38:24,722 - INFO - Creating interaction features...
2025-10-02 19:38:24,724 - INFO - Feature engineering complete: 19 → 89 features (+70)
2025-10-02 19:38:24,732 - INFO - Running GridSearchCV for lasso...
2025-10-02 19:38:34,896 - INFO - lasso best MAE: 0.1105 with params {'model__alpha': 0.01, 'model__fit_intercept': True}
2025-10-02 19:38:34,913 - INFO - Updated config/config.yaml with best parameters for selected model(s)
2025-10-02 19:39:27,213 - INFO - Starting experiment: baseline_lasso_20251002_193927
2025-10-02 19:39:27,214 - INFO - Model: lasso
2025-10-02 19:39:27,214 - INFO - Configuration: config/config.yaml
2025-10-02 19:39:27,214 - INFO - Loading data...
2025-10-02 19:39:33,882 - INFO - Successfully loaded:
2025-10-02 19:39:33,882 - INFO -   Training samples: 45,000
2025-10-02 19:39:33,882 - INFO -   Evaluation samples: 3,500
2025-10-02 19:39:34,123 - INFO - Data Summary:
2025-10-02 19:39:34,123 - INFO -   dataset_shape: {'train': (45000, 19)}
2025-10-02 19:39:34,123 - INFO -   time_span: {'start': '2024-03-28 00:00:00', 'end': '2024-06-25 00:00:00', 'duration_days': 89}
2025-10-02 19:39:34,123 - INFO -   business_dimensions: {'unique_stores': 898, 'unique_products': 789, 'unique_cities': 18, 'total_store_product_combinations': 29681}
2025-10-02 19:39:34,123 - INFO -   target_statistics: {'mean_sales': np.float64(0.9882217111111111), 'median_sales': np.float64(0.7), 'zero_sales_percentage': np.float64(4.4622222222222225), 'max_sales': np.float64(39.4)}
2025-10-02 19:39:34,123 - INFO -   stockout_analysis: {'total_observations': 45000, 'stockout_hours': np.int64(0), 'stockout_rate_percent': np.float64(0.0), 'stores_with_stockouts': 0}
2025-10-02 19:39:34,123 - INFO -   data_quality: {'missing_values': {'city_id': 0, 'store_id': 0, 'management_group_id': 0, 'first_category_id': 0, 'second_category_id': 0, 'third_category_id': 0, 'product_id': 0, 'dt': 0, 'sale_amount': 0, 'hours_sale': 0, 'stock_hour6_22_cnt': 0, 'hours_stock_status': 0, 'discount': 0, 'holiday_flag': 0, 'activity_flag': 0, 'precpt': 0, 'avg_temperature': 0, 'avg_humidity': 0, 'avg_wind_level': 0}, 'duplicate_rows': np.int64(0)}
2025-10-02 19:39:34,123 - INFO - Starting feature engineering...
2025-10-02 19:39:34,123 - INFO - Starting comprehensive feature engineering pipeline...
2025-10-02 19:39:34,129 - INFO - Creating temporal features...
2025-10-02 19:39:34,242 - INFO - Created 53 total features
2025-10-02 19:39:34,248 - INFO - Creating categorical and interaction features...
2025-10-02 19:39:34,302 - INFO - Creating lag features for periods: [1, 2, 3, 7, 14, 21]
2025-10-02 19:39:34,334 - INFO - Creating rolling features for windows: [6, 24, 168]
2025-10-02 19:39:39,516 - INFO - Creating interaction features...
2025-10-02 19:39:39,519 - INFO - Feature engineering complete: 19 → 89 features (+70)
2025-10-02 19:39:39,519 - INFO - Starting comprehensive feature engineering pipeline...
2025-10-02 19:39:39,521 - INFO - Creating temporal features...
2025-10-02 19:39:39,537 - INFO - Created 53 total features
2025-10-02 19:39:39,538 - INFO - Creating categorical and interaction features...
2025-10-02 19:39:39,547 - INFO - Creating lag features for periods: [1, 2, 3, 7, 14, 21]
2025-10-02 19:39:39,555 - INFO - Creating rolling features for windows: [6, 24, 168]
2025-10-02 19:39:40,156 - INFO - Creating interaction features...
2025-10-02 19:39:40,157 - INFO - Feature engineering complete: 19 → 89 features (+70)
2025-10-02 19:39:40,157 - INFO - Feature engineering complete. Features: 89
2025-10-02 19:39:40,159 - INFO - Using 84 features for training
2025-10-02 19:39:40,159 - INFO - Feature sample: ['management_group_id', 'first_category_id', 'second_category_id', 'third_category_id', 'hours_sale', 'stock_hour6_22_cnt', 'hours_stock_status', 'discount', 'holiday_flag', 'activity_flag']...
2025-10-02 19:39:40,164 - INFO - Training data shape: (45000, 84)
2025-10-02 19:39:40,164 - INFO - Evaluation data shape: (3500, 84)
2025-10-02 19:39:40,164 - INFO - Training LinearRegression_lasso...
2025-10-02 19:39:40,201 - WARNING - Features with >50% missing values: ['sale_amount_lag_1', 'stockout_lag_1', 'sale_amount_lag_2', 'stockout_lag_2', 'sale_amount_lag_3', 'stockout_lag_3', 'sale_amount_lag_7', 'stockout_lag_7', 'sale_amount_lag_14', 'sale_amount_lag_21']
2025-10-02 19:39:40,213 - WARNING - Dropped non-numeric columns: ['day_part', 'hours_sale']
2025-10-02 19:39:40,213 - INFO - Fitting LinearRegression_lasso with 82 features...
2025-10-02 19:39:40,513 - ERROR - Training failed: Shape of passed values is (45000, 78), indices imply (45000, 82)
2025-10-02 19:39:40,514 - ERROR - Experiment failed: Shape of passed values is (45000, 78), indices imply (45000, 82)
2025-10-02 19:40:12,629 - INFO - Starting experiment: baseline_lasso_20251002_194012
2025-10-02 19:40:12,629 - INFO - Model: lasso
2025-10-02 19:40:12,629 - INFO - Configuration: config/config.yaml
2025-10-02 19:40:12,629 - INFO - Loading data...
2025-10-02 19:40:19,570 - INFO - Successfully loaded:
2025-10-02 19:40:19,570 - INFO -   Training samples: 450,000
2025-10-02 19:40:19,570 - INFO -   Evaluation samples: 35,000
2025-10-02 19:40:20,513 - INFO - Data Summary:
2025-10-02 19:40:20,513 - INFO -   dataset_shape: {'train': (450000, 19)}
2025-10-02 19:40:20,513 - INFO -   time_span: {'start': '2024-03-28 00:00:00', 'end': '2024-06-25 00:00:00', 'duration_days': 89}
2025-10-02 19:40:20,513 - INFO -   business_dimensions: {'unique_stores': 898, 'unique_products': 865, 'unique_cities': 18, 'total_store_product_combinations': 49997}
2025-10-02 19:40:20,513 - INFO -   target_statistics: {'mean_sales': np.float64(0.9941817888888888), 'median_sales': np.float64(0.7), 'zero_sales_percentage': np.float64(4.454666666666666), 'max_sales': np.float64(40.4)}
2025-10-02 19:40:20,513 - INFO -   stockout_analysis: {'total_observations': 450000, 'stockout_hours': np.int64(0), 'stockout_rate_percent': np.float64(0.0), 'stores_with_stockouts': 0}
2025-10-02 19:40:20,513 - INFO -   data_quality: {'missing_values': {'city_id': 0, 'store_id': 0, 'management_group_id': 0, 'first_category_id': 0, 'second_category_id': 0, 'third_category_id': 0, 'product_id': 0, 'dt': 0, 'sale_amount': 0, 'hours_sale': 0, 'stock_hour6_22_cnt': 0, 'hours_stock_status': 0, 'discount': 0, 'holiday_flag': 0, 'activity_flag': 0, 'precpt': 0, 'avg_temperature': 0, 'avg_humidity': 0, 'avg_wind_level': 0}, 'duplicate_rows': np.int64(0)}
2025-10-02 19:40:20,513 - INFO - Starting feature engineering...
2025-10-02 19:40:20,513 - INFO - Starting comprehensive feature engineering pipeline...
2025-10-02 19:40:20,534 - INFO - Creating temporal features...
2025-10-02 19:40:21,581 - INFO - Created 53 total features
2025-10-02 19:40:21,670 - INFO - Creating categorical and interaction features...
2025-10-02 19:40:22,236 - INFO - Creating lag features for periods: [1, 2, 3, 7, 14, 21]
2025-10-02 19:40:22,539 - INFO - Creating rolling features for windows: [6, 24, 168]
2025-10-02 19:40:32,337 - INFO - Creating interaction features...
2025-10-02 19:40:32,346 - INFO - Feature engineering complete: 19 → 89 features (+70)
2025-10-02 19:40:32,346 - INFO - Starting comprehensive feature engineering pipeline...
2025-10-02 19:40:32,352 - INFO - Creating temporal features...
2025-10-02 19:40:32,437 - INFO - Created 53 total features
2025-10-02 19:40:32,442 - INFO - Creating categorical and interaction features...
2025-10-02 19:40:32,479 - INFO - Creating lag features for periods: [1, 2, 3, 7, 14, 21]
2025-10-02 19:40:32,502 - INFO - Creating rolling features for windows: [6, 24, 168]
2025-10-02 19:40:37,056 - INFO - Creating interaction features...
2025-10-02 19:40:37,058 - INFO - Feature engineering complete: 19 → 89 features (+70)
2025-10-02 19:40:37,058 - INFO - Feature engineering complete. Features: 89
2025-10-02 19:40:37,067 - INFO - Using 84 features for training
2025-10-02 19:40:37,067 - INFO - Feature sample: ['management_group_id', 'first_category_id', 'second_category_id', 'third_category_id', 'hours_sale', 'stock_hour6_22_cnt', 'hours_stock_status', 'discount', 'holiday_flag', 'activity_flag']...
2025-10-02 19:40:37,117 - INFO - Training data shape: (450000, 84)
2025-10-02 19:40:37,117 - INFO - Evaluation data shape: (35000, 84)
2025-10-02 19:40:37,117 - INFO - Training LinearRegression_lasso...
2025-10-02 19:40:37,465 - WARNING - Features with >50% missing values: ['sale_amount_lag_7', 'stockout_lag_7', 'sale_amount_lag_14', 'sale_amount_lag_21']
2025-10-02 19:40:37,628 - WARNING - Dropped non-numeric columns: ['hours_sale', 'day_part']
2025-10-02 19:40:37,628 - INFO - Fitting LinearRegression_lasso with 82 features...
2025-10-02 19:40:43,470 - INFO - Training completed. R² score: 0.8467
2025-10-02 19:40:43,472 - INFO - Training completed in 6.36 seconds
2025-10-02 19:40:43,472 - INFO - Generating predictions...
2025-10-02 19:40:45,107 - INFO - Evaluating model performance...
2025-10-02 19:40:45,113 - INFO - Training Metrics:
2025-10-02 19:40:45,114 - INFO -   MAE: 0.3007
2025-10-02 19:40:45,114 - INFO -   RMSE: 0.5407
2025-10-02 19:40:45,114 - INFO -   MAPE: 180402247.8323
2025-10-02 19:40:45,114 - INFO -   sMAPE: 42.2778
2025-10-02 19:40:45,114 - INFO -   Bias: 0.0040
2025-10-02 19:40:45,114 - INFO -   Bias_Percentage: 0.4040
2025-10-02 19:40:45,117 - INFO - Evaluation Metrics:
2025-10-02 19:40:45,117 - INFO -   MAE: 0.1872
2025-10-02 19:40:45,117 - INFO -   RMSE: 0.3824
2025-10-02 19:40:45,117 - INFO -   MAPE: 48244803.1651
2025-10-02 19:40:45,117 - INFO -   sMAPE: 35.2399
2025-10-02 19:40:45,117 - INFO -   Bias: -0.0090
2025-10-02 19:40:45,117 - INFO -   Bias_Percentage: -0.7482
2025-10-02 19:40:45,117 - INFO -   MASE: nan
2025-10-02 19:40:45,117 - INFO - Top 10 Most Important Features:
2025-10-02 19:40:45,117 - INFO -   sale_amount_rolling_mean_6: 1.0462
2025-10-02 19:40:45,117 - INFO -   sale_amount_rolling_std_24: 0.1908
2025-10-02 19:40:45,117 - INFO -   product_avg_sales: 0.1230
2025-10-02 19:40:45,117 - INFO -   sale_amount_rolling_max_6: 0.1049
2025-10-02 19:40:45,117 - INFO -   sale_amount_lag_3: 0.0983
2025-10-02 19:40:45,117 - INFO -   discount: 0.0875
2025-10-02 19:40:45,117 - INFO -   stock_hour6_22_cnt: 0.0782
2025-10-02 19:40:45,117 - INFO -   sale_amount_lag_2: 0.0735
2025-10-02 19:40:45,117 - INFO -   sale_amount_lag_1: 0.0400
2025-10-02 19:40:45,117 - INFO -   is_weekend: 0.0344
2025-10-02 19:40:45,125 - INFO - Model LinearRegression_lasso saved to models/trained/baseline_lasso_20251002_194012_20251002_194045.joblib
2025-10-02 19:40:45,136 - INFO - Model saved to: models/trained/baseline_lasso_20251002_194012_20251002_194045.joblib
2025-10-02 19:40:45,136 - INFO - Results saved to: models/trained/baseline_lasso_20251002_194012_20251002_194045_results.yaml
2025-10-02 19:40:45,136 - INFO - Experiment completed successfully!
2025-10-02 19:40:45,136 - INFO - Key Results:
2025-10-02 19:40:45,136 - INFO -   Evaluation MAE: 0.1872
2025-10-02 19:40:45,136 - INFO -   Evaluation RMSE: 0.3824
2025-10-02 19:40:45,136 - INFO -   Evaluation MAPE: 48244803.17%
2025-10-02 19:40:45,136 - INFO -   Model Bias: -0.0090
2025-10-02 19:55:11,039 - INFO - Starting experiment: baseline_xg_boost_20251002_195511
2025-10-02 19:55:11,039 - INFO - Model: xg_boost
2025-10-02 19:55:11,039 - INFO - Configuration: config/config.yaml
2025-10-02 19:55:11,039 - INFO - Loading data...
2025-10-02 19:55:18,937 - INFO - Successfully loaded:
2025-10-02 19:55:18,937 - INFO -   Training samples: 450,000
2025-10-02 19:55:18,937 - INFO -   Evaluation samples: 35,000
2025-10-02 19:55:19,877 - INFO - Data Summary:
2025-10-02 19:55:19,878 - INFO -   dataset_shape: {'train': (450000, 19)}
2025-10-02 19:55:19,878 - INFO -   time_span: {'start': '2024-03-28 00:00:00', 'end': '2024-06-25 00:00:00', 'duration_days': 89}
2025-10-02 19:55:19,878 - INFO -   business_dimensions: {'unique_stores': 898, 'unique_products': 865, 'unique_cities': 18, 'total_store_product_combinations': 49997}
2025-10-02 19:55:19,878 - INFO -   target_statistics: {'mean_sales': np.float64(0.9941817888888888), 'median_sales': np.float64(0.7), 'zero_sales_percentage': np.float64(4.454666666666666), 'max_sales': np.float64(40.4)}
2025-10-02 19:55:19,878 - INFO -   stockout_analysis: {'total_observations': 450000, 'stockout_hours': np.int64(0), 'stockout_rate_percent': np.float64(0.0), 'stores_with_stockouts': 0}
2025-10-02 19:55:19,878 - INFO -   data_quality: {'missing_values': {'city_id': 0, 'store_id': 0, 'management_group_id': 0, 'first_category_id': 0, 'second_category_id': 0, 'third_category_id': 0, 'product_id': 0, 'dt': 0, 'sale_amount': 0, 'hours_sale': 0, 'stock_hour6_22_cnt': 0, 'hours_stock_status': 0, 'discount': 0, 'holiday_flag': 0, 'activity_flag': 0, 'precpt': 0, 'avg_temperature': 0, 'avg_humidity': 0, 'avg_wind_level': 0}, 'duplicate_rows': np.int64(0)}
2025-10-02 19:55:19,878 - INFO - Starting feature engineering...
2025-10-02 19:55:19,878 - INFO - Starting comprehensive feature engineering pipeline...
2025-10-02 19:55:19,898 - INFO - Creating temporal features...
2025-10-02 19:55:20,933 - INFO - Created 53 total features
2025-10-02 19:55:21,008 - INFO - Creating categorical and interaction features...
2025-10-02 19:55:21,585 - INFO - Creating lag features for periods: [1, 2, 3, 7, 14, 21]
2025-10-02 19:55:21,850 - INFO - Creating rolling features for windows: [6, 24, 168]
2025-10-02 19:55:31,978 - INFO - Creating interaction features...
2025-10-02 19:55:31,987 - INFO - Feature engineering complete: 19 → 89 features (+70)
2025-10-02 19:55:31,987 - INFO - Starting comprehensive feature engineering pipeline...
2025-10-02 19:55:31,993 - INFO - Creating temporal features...
2025-10-02 19:55:32,080 - INFO - Created 53 total features
2025-10-02 19:55:32,085 - INFO - Creating categorical and interaction features...
2025-10-02 19:55:32,122 - INFO - Creating lag features for periods: [1, 2, 3, 7, 14, 21]
2025-10-02 19:55:32,145 - INFO - Creating rolling features for windows: [6, 24, 168]
2025-10-02 19:55:36,811 - INFO - Creating interaction features...
2025-10-02 19:55:36,813 - INFO - Feature engineering complete: 19 → 89 features (+70)
2025-10-02 19:55:36,813 - INFO - Feature engineering complete. Features: 89
2025-10-02 19:55:36,822 - INFO - Using 84 features for training
2025-10-02 19:55:36,822 - INFO - Feature sample: ['management_group_id', 'first_category_id', 'second_category_id', 'third_category_id', 'hours_sale', 'stock_hour6_22_cnt', 'hours_stock_status', 'discount', 'holiday_flag', 'activity_flag']...
2025-10-02 19:55:36,873 - INFO - Training data shape: (450000, 84)
2025-10-02 19:55:36,874 - INFO - Evaluation data shape: (35000, 84)
2025-10-02 19:55:36,874 - INFO - Training XGBoost...
2025-10-02 19:55:37,294 - WARNING - Features with >50% missing values: ['sale_amount_lag_7', 'stockout_lag_7', 'sale_amount_lag_14', 'sale_amount_lag_21']
2025-10-02 19:55:37,456 - WARNING - Dropped non-numeric columns: ['hours_sale', 'day_part']
2025-10-02 19:55:37,456 - INFO - Fitting XGBoost with 82 features...
2025-10-02 19:55:44,021 - INFO - Training completed. R² score: 0.9492
2025-10-02 19:55:44,023 - INFO - Training completed in 7.15 seconds
2025-10-02 19:55:44,023 - INFO - Generating predictions...
2025-10-02 19:55:45,313 - INFO - Evaluating model performance...
2025-10-02 19:55:45,321 - INFO - Training Metrics:
2025-10-02 19:55:45,321 - INFO -   MAE: 0.1907
2025-10-02 19:55:45,321 - INFO -   RMSE: 0.3114
2025-10-02 19:55:45,321 - INFO -   MAPE: 53565212.2301
2025-10-02 19:55:45,321 - INFO -   sMAPE: 29.1846
2025-10-02 19:55:45,321 - INFO -   Bias: 0.0014
2025-10-02 19:55:45,321 - INFO -   Bias_Percentage: 0.1416
2025-10-02 19:55:45,325 - INFO - Evaluation Metrics:
2025-10-02 19:55:45,325 - INFO -   MAE: 0.1146
2025-10-02 19:55:45,325 - INFO -   RMSE: 0.7242
2025-10-02 19:55:45,326 - INFO -   MAPE: 12075085.8856
2025-10-02 19:55:45,326 - INFO -   sMAPE: 12.5070
2025-10-02 19:55:45,326 - INFO -   Bias: -0.0577
2025-10-02 19:55:45,326 - INFO -   Bias_Percentage: -4.8030
2025-10-02 19:55:45,326 - INFO -   MASE: nan
2025-10-02 19:55:45,327 - INFO - Top 10 Most Important Features:
2025-10-02 19:55:45,327 - INFO -   sale_amount_rolling_mean_6: 0.3264
2025-10-02 19:55:45,327 - INFO -   sale_amount_rolling_mean_168: 0.2264
2025-10-02 19:55:45,327 - INFO -   sale_amount_rolling_mean_24: 0.0814
2025-10-02 19:55:45,327 - INFO -   product_avg_sales: 0.0646
2025-10-02 19:55:45,327 - INFO -   store_max_sales: 0.0374
2025-10-02 19:55:45,327 - INFO -   product_sales_volatility: 0.0352
2025-10-02 19:55:45,327 - INFO -   sale_amount_rolling_max_6: 0.0227
2025-10-02 19:55:45,327 - INFO -   holiday_flag: 0.0171
2025-10-02 19:55:45,327 - INFO -   sale_amount_rolling_std_168: 0.0166
2025-10-02 19:55:45,327 - INFO -   stock_hour6_22_cnt: 0.0152
2025-10-02 19:55:45,344 - INFO - Model XGBoost saved to models/trained/baseline_xg_boost_20251002_195511_20251002_195545.joblib
2025-10-02 19:55:45,382 - INFO - Model saved to: models/trained/baseline_xg_boost_20251002_195511_20251002_195545.joblib
2025-10-02 19:55:45,383 - INFO - Results saved to: models/trained/baseline_xg_boost_20251002_195511_20251002_195545_results.yaml
2025-10-02 19:55:45,383 - INFO - Experiment completed successfully!
2025-10-02 19:55:45,383 - INFO - Key Results:
2025-10-02 19:55:45,383 - INFO -   Evaluation MAE: 0.1146
2025-10-02 19:55:45,384 - INFO -   Evaluation RMSE: 0.7242
2025-10-02 19:55:45,384 - INFO -   Evaluation MAPE: 12075085.89%
2025-10-02 19:55:45,384 - INFO -   Model Bias: -0.0577
2025-10-02 19:58:09,565 - INFO - Successfully loaded:
2025-10-02 19:58:09,565 - INFO -   Training samples: 450,000
2025-10-02 19:58:09,565 - INFO -   Evaluation samples: 35,000
2025-10-02 19:58:09,565 - INFO - Starting comprehensive feature engineering pipeline...
2025-10-02 19:58:09,585 - INFO - Creating temporal features...
2025-10-02 19:58:10,635 - INFO - Created 53 total features
2025-10-02 19:58:10,757 - INFO - Creating categorical and interaction features...
2025-10-02 19:58:11,343 - INFO - Creating lag features for periods: [1, 2, 3, 7, 14, 21]
2025-10-02 19:58:11,636 - INFO - Creating rolling features for windows: [6, 24, 168]
2025-10-02 19:58:22,008 - INFO - Creating interaction features...
2025-10-02 19:58:22,018 - INFO - Feature engineering complete: 19 → 89 features (+70)
2025-10-02 19:58:22,119 - INFO - Running GridSearchCV for xg_boost...
2025-10-02 20:00:41,798 - INFO - Successfully loaded:
2025-10-02 20:00:41,798 - INFO -   Training samples: 45,000
2025-10-02 20:00:41,798 - INFO -   Evaluation samples: 3,500
2025-10-02 20:00:41,798 - INFO - Starting comprehensive feature engineering pipeline...
2025-10-02 20:00:41,805 - INFO - Creating temporal features...
2025-10-02 20:00:41,917 - INFO - Created 53 total features
2025-10-02 20:00:41,923 - INFO - Creating categorical and interaction features...
2025-10-02 20:00:41,979 - INFO - Creating lag features for periods: [1, 2, 3, 7, 14, 21]
2025-10-02 20:00:42,011 - INFO - Creating rolling features for windows: [6, 24, 168]
2025-10-02 20:00:47,238 - INFO - Creating interaction features...
2025-10-02 20:00:47,240 - INFO - Feature engineering complete: 19 → 89 features (+70)
2025-10-02 20:00:47,248 - INFO - Running GridSearchCV for xg_boost...
2025-10-02 20:01:12,188 - INFO - xg_boost best MAE: 0.0329 with params {'model__colsample_bytree': 1.0, 'model__learning_rate': 0.1, 'model__max_depth': 5, 'model__n_estimators': 200, 'model__subsample': 1.0}
2025-10-02 20:01:12,204 - INFO - Updated config/config.yaml with best parameters for selected model(s)
